<?xml version="1.0" encoding="UTF-8"?>
<!-- Generated by org.testng.reporters.JUnitReportReporter -->
<testsuite skipped="0" hostname="DESKTOP-3S6F6G8" name="Hazirlik.deneme3" tests="1" failures="0" timestamp="12 Jun 2019 04:25:07 GMT" time="5.018" errors="0">
  <testcase name="testt" time="5.018" classname="Hazirlik.deneme3"/>
</testsuite> <!-- Hazirlik.deneme3 -->
