<?xml version="1.0" encoding="UTF-8"?>
<!-- Generated by org.testng.reporters.JUnitReportReporter -->
<testsuite skipped="0" hostname="DESKTOP-3S6F6G8" name="com.class4.odev2" tests="5" failures="0" timestamp="11 Jun 2019 02:54:47 GMT" time="8.142" errors="0">
  <testcase name="task3" time="0.650" classname="com.class4.odev2"/>
  <testcase name="Task1" time="0.567" classname="com.class4.odev2"/>
  <testcase name="Task2" time="1.832" classname="com.class4.odev2"/>
  <testcase name="Task2changeAdress" time="3.423" classname="com.class4.odev2"/>
  <testcase name="Task2" time="1.670" classname="com.class4.odev2"/>
</testsuite> <!-- com.class4.odev2 -->
