<?xml version="1.0" encoding="UTF-8"?>
<!-- Generated by org.testng.reporters.JUnitReportReporter -->
<testsuite skipped="0" hostname="DESKTOP-3S6F6G8" name="Hazirlik.deneme2" tests="2" failures="0" timestamp="12 Jun 2019 03:52:51 GMT" time="11.290" errors="0">
  <testcase name="giris" time="5.774" classname="Hazirlik.deneme2"/>
  <testcase name="giris" time="5.516" classname="Hazirlik.deneme2"/>
</testsuite> <!-- Hazirlik.deneme2 -->
