<?xml version="1.0" encoding="UTF-8"?>
<!-- Generated by org.testng.reporters.JUnitReportReporter -->
<testsuite skipped="0" hostname="DESKTOP-3S6F6G8" name="com.class4.odev" tests="2" failures="0" timestamp="08 Jun 2019 00:26:17 GMT" time="12.200" errors="0">
  <testcase name="Task2" time="11.680" classname="com.class4.odev"/>
  <testcase name="Task1" time="0.520" classname="com.class4.odev"/>
</testsuite> <!-- com.class4.odev -->
