<?xml version="1.0" encoding="UTF-8"?>
<!-- Generated by org.testng.reporters.JUnitReportReporter -->
<testsuite skipped="0" hostname="DESKTOP-3S6F6G8" name="com.class3.NewtoursExample" tests="2" failures="0" timestamp="06 Jun 2019 23:48:58 GMT" time="12.216" errors="0">
  <testcase name="maılıngınfo" time="5.362" classname="com.class3.NewtoursExample"/>
  <testcase name="userInformation" time="6.854" classname="com.class3.NewtoursExample"/>
</testsuite> <!-- com.class3.NewtoursExample -->
