<?xml version="1.0" encoding="UTF-8"?>
<!-- Generated by org.testng.reporters.JUnitReportReporter -->
<testsuite skipped="0" hostname="DESKTOP-3S6F6G8" name="com.class4.parameterExampleOne" tests="1" failures="0" timestamp="07 Jun 2019 00:34:17 GMT" time="0.013" errors="0">
  <testcase name="userNames" time="0.013" classname="com.class4.parameterExampleOne"/>
</testsuite> <!-- com.class4.parameterExampleOne -->
