<?xml version="1.0" encoding="UTF-8"?>
<!-- Generated by org.testng.reporters.JUnitReportReporter -->
<testsuite skipped="0" hostname="DESKTOP-3S6F6G8" name="com.class4.saucedemo" tests="1" failures="0" timestamp="09 Jun 2019 06:26:30 GMT" time="13.396" errors="0">
  <testcase name="UserName1" time="13.396" classname="com.class4.saucedemo"/>
</testsuite> <!-- com.class4.saucedemo -->
