<?xml version="1.0" encoding="UTF-8"?>
<!-- Generated by org.testng.reporters.JUnitReportReporter -->
<testsuite skipped="0" hostname="DESKTOP-3S6F6G8" name="com.class5.demoTest" tests="2" failures="0" timestamp="12 Jun 2019 02:36:51 GMT" time="15.259" errors="0">
  <testcase name="testCrossBrowser" time="8.440" classname="com.class5.demoTest"/>
  <testcase name="testCrossBrowser" time="6.819" classname="com.class5.demoTest"/>
</testsuite> <!-- com.class5.demoTest -->
