<?xml version="1.0" encoding="UTF-8"?>
<!-- Generated by org.testng.reporters.JUnitReportReporter -->
<testsuite skipped="0" hostname="DESKTOP-3S6F6G8" name="com.class4.deneme3" tests="1" failures="0" timestamp="12 Jun 2019 03:41:15 GMT" time="0.011" errors="0">
  <testcase name="userName" time="0.011" classname="com.class4.deneme3"/>
</testsuite> <!-- com.class4.deneme3 -->
