<?xml version="1.0" encoding="UTF-8"?>
<!-- Generated by org.testng.reporters.JUnitReportReporter -->
<testsuite skipped="0" hostname="DESKTOP-3S6F6G8" name="com.syntax.practice.ExcelFunctionsTest" tests="1" failures="0" timestamp="17 Jun 2019 03:59:35 GMT" time="0.677" errors="0">
  <testcase name="excelTest" time="0.677" classname="com.syntax.practice.ExcelFunctionsTest"/>
</testsuite> <!-- com.syntax.practice.ExcelFunctionsTest -->
