<?xml version="1.0" encoding="UTF-8"?>
<!-- Generated by org.testng.reporters.JUnitReportReporter -->
<testsuite skipped="0" hostname="DESKTOP-3S6F6G8" name="com.syntax.practice.ExcelWriteDemo" tests="1" failures="0" timestamp="18 Jun 2019 23:01:57 GMT" time="1.083" errors="0">
  <testcase name="writeExcel" time="1.083" classname="com.syntax.practice.ExcelWriteDemo"/>
</testsuite> <!-- com.syntax.practice.ExcelWriteDemo -->
