<?xml version="1.0" encoding="UTF-8"?>
<!-- Generated by org.testng.reporters.JUnitReportReporter -->
<testsuite skipped="0" hostname="DESKTOP-3S6F6G8" name="com.syntax.practice.ExcelReview" tests="1" failures="0" timestamp="17 Jun 2019 22:44:54 GMT" time="0.541" errors="0">
  <testcase name="readExcel" time="0.541" classname="com.syntax.practice.ExcelReview"/>
</testsuite> <!-- com.syntax.practice.ExcelReview -->
