<?xml version="1.0" encoding="UTF-8"?>
<!-- Generated by org.testng.reporters.JUnitReportReporter -->
<testsuite skipped="0" hostname="DESKTOP-3S6F6G8" name="com.syntax.practice.ExcelDemo" tests="1" failures="0" timestamp="17 Jun 2019 22:37:05 GMT" time="0.552" errors="0">
  <testcase name="readExcel" time="0.552" classname="com.syntax.practice.ExcelDemo"/>
</testsuite> <!-- com.syntax.practice.ExcelDemo -->
