<?xml version="1.0" encoding="UTF-8"?>
<!-- Generated by org.testng.reporters.JUnitReportReporter -->
<testsuite skipped="0" hostname="DESKTOP-3S6F6G8" name="class13.NewtoursExample" tests="1" failures="0" timestamp="06 Jun 2019 00:25:03 GMT" time="0.115" errors="0">
  <testcase name="userINformantion" time="0.115" classname="class13.NewtoursExample"/>
</testsuite> <!-- class13.NewtoursExample -->
