<?xml version="1.0" encoding="UTF-8"?>
<!-- Generated by org.testng.reporters.JUnitReportReporter -->
<testsuite skipped="0" hostname="DESKTOP-3S6F6G8" name="class12.ReadingPropertyFile" tests="1" failures="0" timestamp="05 Jun 2019 20:43:12 GMT" time="6.502" errors="0">
  <testcase name="readFile" time="6.502" classname="class12.ReadingPropertyFile"/>
</testsuite> <!-- class12.ReadingPropertyFile -->
