<?xml version="1.0" encoding="UTF-8"?>
<!-- Generated by org.testng.reporters.JUnitReportReporter -->
<testsuite skipped="0" hostname="DESKTOP-3S6F6G8" name="class12.FlightSearch" tests="1" failures="0" timestamp="05 Jun 2019 20:27:06 GMT" time="16.092" errors="0">
  <testcase name="searchFlight" time="16.092" classname="class12.FlightSearch"/>
</testsuite> <!-- class12.FlightSearch -->
